<?xml version="1.0" encoding="UTF-8"?><testsuite errors="0" failures="0" name="tests.CountriesSearchTests" skipped="0" tests="3" time="5.51" timestamp="2018-04-30T15:52:37.305-05:00[America/Bogota]"><testcase classname="tests.CountriesSearchTests" name="Verify that we can find united states of america country using the code US"/><testcase classname="tests.CountriesSearchTests" name="Verify that we can find brazil country using the code BR"/><testcase classname="tests.CountriesSearchTests" name="Verify that we can find india country using the code IN"/></testsuite>